<?xml version="1.0" encoding="UTF-8"?>
<!-- Generated by org.testng.reporters.JUnitReportReporter -->
<testsuite skipped="0" hostname="Aditya" name="restassuredbdd.test.qa.RestAssuredPostBasic" tests="1" failures="0" timestamp="09 Jun 2022 20:31:30 GMT" time="0.891" errors="0">
  <testcase name="executePostApi" time="0.891" classname="restassuredbdd.test.qa.RestAssuredPostBasic"/>
</testsuite> <!-- restassuredbdd.test.qa.RestAssuredPostBasic -->
