<?xml version="1.0" encoding="UTF-8"?>
<!-- Generated by org.testng.reporters.JUnitReportReporter -->
<testsuite skipped="0" hostname="Aditya" name="restassuredbdd.test.qa.RestAssuredGetBasic" tests="1" failures="0" timestamp="09 Jun 2022 20:31:30 GMT" time="3.973" errors="0">
  <testcase name="executeGetBasic" time="3.973" classname="restassuredbdd.test.qa.RestAssuredGetBasic"/>
</testsuite> <!-- restassuredbdd.test.qa.RestAssuredGetBasic -->
