<?xml version="1.0" encoding="UTF-8"?>
<!-- Generated by org.testng.reporters.JUnitReportReporter -->
<testsuite skipped="0" hostname="Aditya" name="restassuredbdd.test.qa.RestAssuredPutBasic" tests="1" failures="0" timestamp="10 Jun 2022 11:27:21 GMT" time="3.751" errors="0">
  <testcase name="executePutApi" time="3.751" classname="restassuredbdd.test.qa.RestAssuredPutBasic"/>
</testsuite> <!-- restassuredbdd.test.qa.RestAssuredPutBasic -->
